Logger started at: Saturday, April 4, 2015 9:48:29 PM CDT
Component: com.appcelerator.titanium.ios.core
Version: 1.0.0.1411756658
[48:29.410] Sent: >21*1428202109406*version<
[48:29.411] Recv: >1428202109406*2*3.6.0<
[48:29.412] Sent: >20*1428202109407*update<
[48:29.413] Recv: >1428202109407*3.6.0<
[48:29.414] Sent: >45*1428202109408*option*stepFiltersEnabled*false<
[48:29.414] Recv: >1428202109408<
[48:29.414] Sent: >36*1428202109409*option*monitorXHR*true<
[48:29.415] Recv: >1428202109409<
[48:29.415] Sent: >45*1428202109410*option*suspendOnFirstLine*false<
[48:29.415] Recv: >1428202109410<
[48:29.415] Sent: >46*1428202109411*option*suspendOnExceptions*false<
[48:29.416] Recv: >1428202109411<
[48:29.416] Sent: >41*1428202109412*option*suspendOnErrors*true<
[48:29.416] Recv: >1428202109412<
[48:29.416] Sent: >43*1428202109413*option*suspendOnKeywords*true<
[48:29.417] Recv: >1428202109413<
[48:29.417] Sent: >45*1428202109414*option*bypassConstructors*false<
[48:29.417] Recv: >1428202109414<
[48:29.417] Sent: >45*1428202109415*option*stepFiltersEnabled*false<
[48:29.418] Recv: >1428202109415<
[48:29.418] Sent: >30*1428202109416*detailFormatters<
[48:29.419] Recv: >1428202109416<
[48:29.419] Sent: >20*1428202109417*enable<
[48:29.422] Recv: >1428202109417<
[48:29.444] Recv: >threads*created*0*kroll$1<
[48:29.447] Recv: >log*out*[DEBUG] Loading: /Users/CJ-MACBOOK/Library/Developer/CoreSimulator/Devices/FEBEDB8E-8AC1-4D53-9D5C-8DFFAE834F3C/data/Containers/Bundle/Application/C6E731D1-DCEC-433C-9413-640CD6C43517/Johnson_Charles_Project1.app/app.js, Resource: app_js<
[48:29.448] Recv: >scripts*created*1|app:/app.js||1|59<
[48:29.449] Recv: >resumed*0*started<
[48:29.449] Recv: >log*out*[DEBUG] Loading: /Users/CJ-MACBOOK/Library/Developer/CoreSimulator/Devices/FEBEDB8E-8AC1-4D53-9D5C-8DFFAE834F3C/data/Containers/Bundle/Application/C6E731D1-DCEC-433C-9413-640CD6C43517/Johnson_Charles_Project1.app/_app_props_.json, Resource: _app_props__json<
[48:29.493] Recv: >log*out*[DEBUG] Application booted in 293.064952 ms<
----------End of file----------
